  autofit.c
  ftbase.c
  ftbbox.c
  ftbdf.c
  ftbitmap.c
  ftcid.c
  ftfstype.c
  ftgasp.c
  ftglyph.c
  ftgxval.c
  ftinit.c
  ftmm.c
  ftotval.c
  ftpatent.c
  ftpfr.c
  ftstroke.c
  ftsynth.c
  fttype1.c
  ftwinfnt.c
  bdf.c
  ftcache.c
  cff.c
  type1cid.c
  dlgwrap.c
  ftgzip.c
  ftlzw.c
  pcf.c
  pfr.c
  psaux.c
  pshinter.c
  psmodule.c
  raster.c
  sfnt.c
  smooth.c
  sdf.c
  svg.c
  truetype.c
  type1.c
  type42.c
  winfnt.c
G:\Code\HCMUS\Code\Data-Visualizer\freetype-2.13.2\src\sfnt\ttcolr.c(729): warning C4706: assignment within conditional expression
G:\Code\HCMUS\Code\Data-Visualizer\freetype-2.13.2\src\sfnt\ttcolr.c(777): warning C4706: assignment within conditional expression
G:\Code\HCMUS\Code\Data-Visualizer\freetype-2.13.2\src\sfnt\ttcolr.c(839): warning C4706: assignment within conditional expression
  ftdebug.c
  ftsystem.c
  freetype.vcxproj -> G:\Code\HCMUS\Code\Data-Visualizer\freetype-2.13.2\objs\Win32\Release Static\freetype.lib
